<?xml version="1.0" encoding="UTF-8"?>
<testng-results ignored="0" total="1" passed="1" failed="0" skipped="0">
  <reporter-output>
  </reporter-output>
  <suite started-at="2020-05-26T11:14:59Z" name="BDD Test Suite" finished-at="2020-05-26T11:16:07Z" duration-ms="67612">
    <groups>
      <group name="cucumber">
        <method signature="TestRunner.feature(cucumber.api.testng.CucumberFeatureWrapper)[pri:0, instance:MyRunner.TestRunner@692f203f]" name="feature" class="MyRunner.TestRunner"/>
      </group> <!-- cucumber -->
    </groups>
    <test started-at="2020-05-26T11:14:59Z" name="UIAutomationTest" finished-at="2020-05-26T11:16:07Z" duration-ms="67612">
      <class name="MyRunner.TestRunner">
        <test-method is-config="true" signature="setUpClass()[pri:0, instance:MyRunner.TestRunner@692f203f]" started-at="2020-05-26T11:14:59Z" name="setUpClass" finished-at="2020-05-26T11:14:59Z" duration-ms="182" status="PASS">
          <reporter-output>
          </reporter-output>
        </test-method> <!-- setUpClass -->
        <test-method signature="feature(cucumber.api.testng.CucumberFeatureWrapper)[pri:0, instance:MyRunner.TestRunner@692f203f]" started-at="2020-05-26T11:14:59Z" name="feature" description="Runs Cucumber Feature" data-provider="features" finished-at="2020-05-26T11:16:07Z" duration-ms="67336" status="PASS">
          <params>
            <param index="0">
              <value>
                <![CDATA[RX Launch Feature]]>
              </value>
            </param>
          </params>
          <reporter-output>
          </reporter-output>
        </test-method> <!-- feature -->
        <test-method is-config="true" signature="extentReportGen()[pri:0, instance:MyRunner.TestRunner@692f203f]" started-at="2020-05-26T11:16:07Z" name="extentReportGen" finished-at="2020-05-26T11:16:07Z" duration-ms="22" status="PASS">
          <reporter-output>
          </reporter-output>
        </test-method> <!-- extentReportGen -->
        <test-method is-config="true" signature="tearDownClass()[pri:0, instance:MyRunner.TestRunner@692f203f]" started-at="2020-05-26T11:16:07Z" name="tearDownClass" finished-at="2020-05-26T11:16:07Z" duration-ms="250" status="PASS">
          <reporter-output>
          </reporter-output>
        </test-method> <!-- tearDownClass -->
      </class> <!-- MyRunner.TestRunner -->
    </test> <!-- UIAutomationTest -->
  </suite> <!-- BDD Test Suite -->
</testng-results>
