<?xml version="1.0" encoding="UTF-8"?>
<testng-results skipped="0" failed="0" ignored="0" total="1" passed="1">
  <reporter-output>
  </reporter-output>
  <suite name="Default suite" duration-ms="12225" started-at="2020-05-26T11:56:21Z" finished-at="2020-05-26T11:56:33Z">
    <groups>
      <group name="cucumber">
        <method signature="TestRunner.feature(cucumber.api.testng.CucumberFeatureWrapper)[pri:0, instance:MyRunner.TestRunner@56ef9176]" name="feature" class="MyRunner.TestRunner"/>
      </group> <!-- cucumber -->
    </groups>
    <test name="Default test" duration-ms="12225" started-at="2020-05-26T11:56:21Z" finished-at="2020-05-26T11:56:33Z">
      <class name="MyRunner.TestRunner">
        <test-method status="PASS" signature="setUpClass()[pri:0, instance:MyRunner.TestRunner@56ef9176]" name="setUpClass" is-config="true" duration-ms="174" started-at="2020-05-26T11:56:21Z" finished-at="2020-05-26T11:56:21Z">
          <reporter-output>
          </reporter-output>
        </test-method> <!-- setUpClass -->
        <test-method status="PASS" signature="feature(cucumber.api.testng.CucumberFeatureWrapper)[pri:0, instance:MyRunner.TestRunner@56ef9176]" name="feature" duration-ms="11965" started-at="2020-05-26T11:56:21Z" description="Runs Cucumber Feature" data-provider="features" finished-at="2020-05-26T11:56:33Z">
          <params>
            <param index="0">
              <value>
                <![CDATA[Seats page validation]]>
              </value>
            </param>
          </params>
          <reporter-output>
          </reporter-output>
        </test-method> <!-- feature -->
        <test-method status="PASS" signature="extentReportGen()[pri:0, instance:MyRunner.TestRunner@56ef9176]" name="extentReportGen" is-config="true" duration-ms="17" started-at="2020-05-26T11:56:33Z" finished-at="2020-05-26T11:56:33Z">
          <reporter-output>
          </reporter-output>
        </test-method> <!-- extentReportGen -->
        <test-method status="PASS" signature="tearDownClass()[pri:0, instance:MyRunner.TestRunner@56ef9176]" name="tearDownClass" is-config="true" duration-ms="301" started-at="2020-05-26T11:56:33Z" finished-at="2020-05-26T11:56:34Z">
          <reporter-output>
          </reporter-output>
        </test-method> <!-- tearDownClass -->
      </class> <!-- MyRunner.TestRunner -->
    </test> <!-- Default test -->
  </suite> <!-- Default suite -->
</testng-results>
